Sender: LSF System <lsfadmin@node4.kepler.hpc.local>
Subject: Job 56359: <MPI_2_procs_run1> in cluster <kepler.lsf.hpc.local> Done

Job <MPI_2_procs_run1> was submitted from host <mgr.kepler.hpc.local> by user <howoldbih.gmail.com> in cluster <kepler.lsf.hpc.local> at Wed Oct 15 15:44:30 2025
Job was executed on host(s) <2*node4.kepler.hpc.local>, in queue <normal>, as user <howoldbih.gmail.com> in cluster <kepler.lsf.hpc.local> at Wed Oct 15 15:44:31 2025
</home/howoldbih.gmail.com> was used as the home directory.
</home/howoldbih.gmail.com/mpi-taylor-master> was used as the working directory.
Started at Wed Oct 15 15:44:31 2025
Terminated at Wed Oct 15 15:44:46 2025
Results reported at Wed Oct 15 15:44:46 2025

Your job looked like:

------------------------------------------------------------
# LSBATCH: User input
#!/bin/bash
#BSUB -J MPI_2_procs_run1
#BSUB -W 00:05
#BSUB -n 2
#BSUB -R "span[ptile=2]"
#BSUB -o logs/output_MPI_2_procs_run1_%J.out
#BSUB -e logs/error_MPI_2_procs_run1_%J.err
#BSUB -M 512MB

ulimit -l unlimited
module load mpi/openmpi-x86_64
mpirun -np 2 --mca pml ^cm,ucx --mca ptm ^posix --mca btl tcp,self --bind-to core --map-by core ./combined_mpi_taylor

------------------------------------------------------------

Successfully completed.

Resource usage summary:

    CPU time :                                   1.19 sec.
    Max Memory :                                 16 MB
    Average Memory :                             16.00 MB
    Total Requested Memory :                     -
    Delta Memory :                               -
    Max Swap :                                   -
    Max Processes :                              6
    Max Threads :                                14
    Run time :                                   7 sec.
    Turnaround time :                            16 sec.

The output (if any) follows:

============================================================
Результаты вычисления экспоненты матрицы e^A:
============================================================
Исходная матрица A:
  0.200000   0.300000   0.500000 
  0.600000   0.100000   0.300000 
  0.200000   0.300000   0.100000 

Результат e^A (аппроксимация рядом Тейлора):
  1.413568   0.460615   0.673229 
  0.779536   1.283645   0.531462 
  0.354308   0.389768   1.236414 

------------------------------------------------------------
Затраченное время: 5.717628 секунд
Количество членов ряда N_TERMS: 50000000
Размер матрицы SIZE: 3
Количество MPI процессов: 2
============================================================


PS:

Read file <logs/error_MPI_2_procs_run1_56359.err> for stderr output of this job.

