Sender: LSF System <lsfadmin@node2.kepler.hpc.local>
Subject: Job 56369: <MPI_4_procs_run1> in cluster <kepler.lsf.hpc.local> Done

Job <MPI_4_procs_run1> was submitted from host <mgr.kepler.hpc.local> by user <howoldbih.gmail.com> in cluster <kepler.lsf.hpc.local> at Wed Oct 15 15:44:32 2025
Job was executed on host(s) <4*node2.kepler.hpc.local>, in queue <normal>, as user <howoldbih.gmail.com> in cluster <kepler.lsf.hpc.local> at Wed Oct 15 15:44:33 2025
</home/howoldbih.gmail.com> was used as the home directory.
</home/howoldbih.gmail.com/mpi-taylor-master> was used as the working directory.
Started at Wed Oct 15 15:44:33 2025
Terminated at Wed Oct 15 15:44:35 2025
Results reported at Wed Oct 15 15:44:35 2025

Your job looked like:

------------------------------------------------------------
# LSBATCH: User input
#!/bin/bash
#BSUB -J MPI_4_procs_run1
#BSUB -W 00:10
#BSUB -n 4
#BSUB -R "span[ptile=4]"
#BSUB -o logs/output_MPI_4_procs_run1_%J.out
#BSUB -e logs/error_MPI_4_procs_run1_%J.err
#BSUB -M 1GB

ulimit -l unlimited
module load mpi/openmpi-x86_64
mpirun -np 4 --mca pml ^cm,ucx --mca ptm ^posix --mca btl tcp,self --bind-to core --map-by core ./combined_mpi_taylor

------------------------------------------------------------

Successfully completed.

Resource usage summary:

    CPU time :                                   1.59 sec.
    Max Memory :                                 21 MB
    Average Memory :                             19.00 MB
    Total Requested Memory :                     -
    Delta Memory :                               -
    Max Swap :                                   -
    Max Processes :                              8
    Max Threads :                                20
    Run time :                                   1 sec.
    Turnaround time :                            3 sec.

The output (if any) follows:

============================================================
Результаты вычисления экспоненты матрицы e^A:
============================================================
Исходная матрица A:
  0.200000   0.300000   0.500000 
  0.600000   0.100000   0.300000 
  0.200000   0.300000   0.100000 

Результат e^A (аппроксимация рядом Тейлора):
  1.413568   0.460615   0.673229 
  0.779536   1.283645   0.531462 
  0.354308   0.389768   1.236414 

------------------------------------------------------------
Затраченное время: 0.686833 секунд
Количество членов ряда N_TERMS: 50000000
Размер матрицы SIZE: 3
Количество MPI процессов: 4
============================================================


PS:

Read file <logs/error_MPI_4_procs_run1_56369.err> for stderr output of this job.

