Sender: LSF System <lsfadmin@node3.kepler.hpc.local>
Subject: Job 56409: <OMP_2_threads_run1> in cluster <kepler.lsf.hpc.local> Done

Job <OMP_2_threads_run1> was submitted from host <mgr.kepler.hpc.local> by user <howoldbih.gmail.com> in cluster <kepler.lsf.hpc.local> at Wed Oct 15 15:44:41 2025
Job was executed on host(s) <2*node3.kepler.hpc.local>, in queue <normal>, as user <howoldbih.gmail.com> in cluster <kepler.lsf.hpc.local> at Wed Oct 15 15:44:46 2025
</home/howoldbih.gmail.com> was used as the home directory.
</home/howoldbih.gmail.com/mpi-taylor-master> was used as the working directory.
Started at Wed Oct 15 15:44:46 2025
Terminated at Wed Oct 15 15:45:07 2025
Results reported at Wed Oct 15 15:45:07 2025

Your job looked like:

------------------------------------------------------------
# LSBATCH: User input
#!/bin/bash
#BSUB -J OMP_2_threads_run1
#BSUB -W 01:00
#BSUB -n 2
#BSUB -R "span[ptile=2]"
#BSUB -o logs/output_OMP_2_threads_run1_%J.out
#BSUB -e logs/error_OMP_2_threads_run1_%J.err
#BSUB -M 512MB

module load mpi/openmpi-x86_64
export OMP_NUM_THREADS=2
./combined_omp_taylor

------------------------------------------------------------

Successfully completed.

Resource usage summary:

    CPU time :                                   1.10 sec.
    Max Memory :                                 8 MB
    Average Memory :                             4.50 MB
    Total Requested Memory :                     -
    Delta Memory :                               -
    Max Swap :                                   -
    Max Processes :                              4
    Max Threads :                                6
    Run time :                                   17 sec.
    Turnaround time :                            26 sec.

The output (if any) follows:

============================================================
Результаты вычисления экспоненты матрицы e^A (OpenMP):
============================================================
Исходная матрица A:
  0.200000   0.300000   0.500000 
  0.600000   0.100000   0.300000 
  0.200000   0.300000   0.100000 

Результат e^A (аппроксимация рядом Тейлора):
  1.413568   0.460615   0.673229 
  0.779536   1.283645   0.531462 
  0.354308   0.389768   1.236414 

------------------------------------------------------------
Затраченное время: 1.550780 секунд
Количество членов ряда N_TERMS: 50000000
Размер матрицы SIZE: 3
Количество OpenMP потоков: 2
============================================================


PS:

Read file <logs/error_OMP_2_threads_run1_56409.err> for stderr output of this job.

